<?xml version="1.0" encoding="UTF-8"?>
<testsuite xmlns:xsi="http://www.w3.org/2001/XMLSchema-instance" xsi:noNamespaceSchemaLocation="https://maven.apache.org/surefire/maven-surefire-plugin/xsd/surefire-test-report-3.0.xsd" version="3.0" name="com.example.replay.util.JsonUtilsTest" time="0.17" tests="14" errors="0" skipped="0" failures="0">
  <properties>
[...]
</properties>
  <testcase name="securityEvent_nullOptionalFieldsGetDefaults" classname="com.example.replay.util.JsonUtilsTest" time="0.009"/>
  <testcase name="toJson_producesSnakeCaseReplayJob" classname="com.example.replay.util.JsonUtilsTest" time="0.105"/>
  <testcase name="toJsonNode_fromObject_givesExpectedFields" classname="com.example.replay.util.JsonUtilsTest" time="0.008"/>
  <testcase name="toJson_producesSnakeCaseFieldNames" classname="com.example.replay.util.JsonUtilsTest" time="0.0"/>
  <testcase name="fromJson_inputStream_deserialises" classname="com.example.replay.util.JsonUtilsTest" time="0.015"/>
  <testcase name="prettyPrint_containsNewlines" classname="com.example.replay.util.JsonUtilsTest" time="0.001"/>
  <testcase name="fromJson_bytes_withTypeRef" classname="com.example.replay.util.JsonUtilsTest" time="0.002"/>
  <testcase name="toJsonNode_fromString_givesExpectedFields" classname="com.example.replay.util.JsonUtilsTest" time="0.001"/>
  <testcase name="toBytes_fromBytes_roundTrip" classname="com.example.replay.util.JsonUtilsTest" time="0.001"/>
  <testcase name="fromJsonList_roundTrips" classname="com.example.replay.util.JsonUtilsTest" time="0.001"/>
  <testcase name="fromJson_string_roundTripsReplayJob" classname="com.example.replay.util.JsonUtilsTest" time="0.008"/>
  <testcase name="fromJson_typeRef_deserialisesList" classname="com.example.replay.util.JsonUtilsTest" time="0.001"/>
  <testcase name="securityEvent_missingRequiredField_throwsNPE" classname="com.example.replay.util.JsonUtilsTest" time="0.001"/>
  <testcase name="fromJson_string_roundTripsSecurityEvent" classname="com.example.replay.util.JsonUtilsTest" time="0.0"/>
</testsuite>