<?xml version="1.0" encoding="UTF-8"?>
<testsuite xmlns:xsi="http://www.w3.org/2001/XMLSchema-instance" xsi:noNamespaceSchemaLocation="https://maven.apache.org/surefire/maven-surefire-plugin/xsd/surefire-test-report-3.0.xsd" version="3.0" name="com.example.replay.actors.JobManagerTest" time="0.046" tests="19" errors="0" skipped="0" failures="0">
  <properties>
[...]
</properties>
  <testcase name="resume_nonPausedJob_returnsRejected" classname="com.example.replay.actors.JobManagerTest" time="0.005">
    <system-out><![CDATA[23:42:41.832 [JobManagerTest-pekko.actor.default-dispatcher-3] INFO  o.a.pekko.event.slf4j.Slf4jLogger - Slf4jLogger started
23:42:41.843 [JobManagerTest-pekko.actor.default-dispatcher-6] INFO  c.example.replay.actors.JobManager - Job r3 created (PENDING)
23:42:41.844 [JobManagerTest-pekko.actor.default-dispatcher-3] INFO  c.example.replay.actors.JobManager - Job r3 started — ReplayJobActor spawned
23:42:41.844 [JobManagerTest-pekko.actor.default-dispatcher-6] INFO  c.e.replay.actors.ReplayJobActor - ReplayJobActor planning job r3 [2024-01-01T00:00:00Z, 2024-01-02T00:00:00Z)
23:42:41.844 [JobManagerTest-pekko.actor.default-dispatcher-3] INFO  c.e.replay.actors.ReplayJobActor - Job r3 plan ready: 1 work packets (numWorkers=1)
23:42:41.844 [JobManagerTest-pekko.actor.default-dispatcher-7] INFO  c.e.replay.actors.WorkerPoolActor - WorkerPool starting: 1 packets across 1 workers
]]></system-out>
  </testcase>
  <testcase name="cancel_pendingJob_returnsSnapshot_withCancelledStatus" classname="com.example.replay.actors.JobManagerTest" time="0.001">
    <system-out><![CDATA[23:42:41.845 [JobManagerTest-pekko.actor.default-dispatcher-6] INFO  c.e.replay.actors.WorkerPoolActor - WorkerPool finished — 15 total events from 1 packets
23:42:41.845 [JobManagerTest-pekko.actor.default-dispatcher-7] INFO  c.e.replay.actors.ReplayJobActor - Job r3 completed — 15 events emitted total
23:42:41.846 [JobManagerTest-pekko.actor.default-dispatcher-3] INFO  c.example.replay.actors.JobManager - Job c1 created (PENDING)
23:42:41.846 [JobManagerTest-pekko.actor.default-dispatcher-6] INFO  c.example.replay.actors.JobManager - Job r3 completed — 15 events published
23:42:41.846 [JobManagerTest-pekko.actor.default-dispatcher-6] INFO  c.example.replay.actors.JobManager - Job c1 cancelled
]]></system-out>
  </testcase>
  <testcase name="cancel_pausedJob_succeeds" classname="com.example.replay.actors.JobManagerTest" time="0.002">
    <system-out><![CDATA[23:42:41.847 [JobManagerTest-pekko.actor.default-dispatcher-7] INFO  c.example.replay.actors.JobManager - Job c2 created (PENDING)
23:42:41.847 [JobManagerTest-pekko.actor.default-dispatcher-7] INFO  c.example.replay.actors.JobManager - Job c2 started — ReplayJobActor spawned
23:42:41.847 [JobManagerTest-pekko.actor.default-dispatcher-6] INFO  c.e.replay.actors.ReplayJobActor - ReplayJobActor planning job c2 [2024-01-01T00:00:00Z, 2024-01-02T00:00:00Z)
23:42:41.848 [JobManagerTest-pekko.actor.default-dispatcher-3] INFO  c.example.replay.actors.JobManager - Job c2 paused
23:42:41.848 [JobManagerTest-pekko.actor.default-dispatcher-6] INFO  c.e.replay.actors.ReplayJobActor - Job c2 plan ready: 1 work packets (numWorkers=1)
23:42:41.848 [JobManagerTest-pekko.actor.default-dispatcher-7] INFO  c.e.replay.actors.WorkerPoolActor - WorkerPool starting: 1 packets across 1 workers
23:42:41.848 [JobManagerTest-pekko.actor.default-dispatcher-3] INFO  c.example.replay.actors.JobManager - Job c2 cancelled
23:42:41.848 [JobManagerTest-pekko.actor.default-dispatcher-6] INFO  c.e.replay.actors.ReplayJobActor - Job c2 cancelled
]]></system-out>
  </testcase>
  <testcase name="cancel_unknownJob_returnsJobNotFound" classname="com.example.replay.actors.JobManagerTest" time="0.001">
    <system-out><![CDATA[23:42:41.848 [JobManagerTest-pekko.actor.default-dispatcher-9] INFO  o.apache.pekko.actor.LocalActorRef - Message [java.util.ArrayList] wrapped in [org.apache.pekko.actor.typed.internal.AdaptMessage] to Actor[pekko://JobManagerTest/user/$c/replay-job-c2/pool-c2/pworker-77851c00#-338388495] was not delivered. [1] dead letters encountered. If this is not an expected behavior then Actor[pekko://JobManagerTest/user/$c/replay-job-c2/pool-c2/pworker-77851c00#-338388495] may have terminated unexpectedly. This logging can be turned off or adjusted with configuration settings 'pekko.log-dead-letters' and 'pekko.log-dead-letters-during-shutdown'.
]]></system-out>
  </testcase>
  <testcase name="pause_updatesStatusInRepository" classname="com.example.replay.actors.JobManagerTest" time="0.001">
    <system-out><![CDATA[23:42:41.850 [JobManagerTest-pekko.actor.default-dispatcher-7] INFO  c.example.replay.actors.JobManager - Job p2 created (PENDING)
23:42:41.850 [JobManagerTest-pekko.actor.default-dispatcher-7] INFO  c.example.replay.actors.JobManager - Job p2 started — ReplayJobActor spawned
23:42:41.850 [JobManagerTest-pekko.actor.default-dispatcher-9] INFO  c.e.replay.actors.ReplayJobActor - ReplayJobActor planning job p2 [2024-01-01T00:00:00Z, 2024-01-02T00:00:00Z)
23:42:41.850 [JobManagerTest-pekko.actor.default-dispatcher-8] INFO  c.example.replay.actors.JobManager - Job p2 paused
23:42:41.850 [JobManagerTest-pekko.actor.default-dispatcher-7] INFO  c.e.replay.actors.ReplayJobActor - Job p2 plan ready: 1 work packets (numWorkers=1)
23:42:41.850 [JobManagerTest-pekko.actor.default-dispatcher-8] INFO  c.e.replay.actors.WorkerPoolActor - WorkerPool starting: 1 packets across 1 workers
]]></system-out>
  </testcase>
  <testcase name="start_pendingJob_returnsJobStarted_withRunningStatus" classname="com.example.replay.actors.JobManagerTest" time="0.0">
    <system-out><![CDATA[23:42:41.851 [JobManagerTest-pekko.actor.default-dispatcher-8] INFO  c.example.replay.actors.JobManager - Job s1 created (PENDING)
23:42:41.851 [JobManagerTest-pekko.actor.default-dispatcher-7] INFO  c.example.replay.actors.JobManager - Job s1 started — ReplayJobActor spawned
23:42:41.851 [JobManagerTest-pekko.actor.default-dispatcher-8] INFO  c.e.replay.actors.ReplayJobActor - ReplayJobActor planning job s1 [2024-01-01T00:00:00Z, 2024-01-02T00:00:00Z)
23:42:41.851 [JobManagerTest-pekko.actor.default-dispatcher-8] INFO  c.e.replay.actors.ReplayJobActor - Job s1 plan ready: 1 work packets (numWorkers=1)
]]></system-out>
  </testcase>
  <testcase name="resume_updatesStatusInRepository" classname="com.example.replay.actors.JobManagerTest" time="0.001">
    <system-out><![CDATA[23:42:41.852 [JobManagerTest-pekko.actor.default-dispatcher-9] INFO  c.e.replay.actors.WorkerPoolActor - WorkerPool starting: 1 packets across 1 workers
23:42:41.852 [JobManagerTest-pekko.actor.default-dispatcher-9] INFO  c.example.replay.actors.JobManager - Job r2 created (PENDING)
23:42:41.852 [JobManagerTest-pekko.actor.default-dispatcher-9] INFO  c.e.replay.actors.WorkerPoolActor - WorkerPool finished — 15 total events from 1 packets
23:42:41.852 [JobManagerTest-pekko.actor.default-dispatcher-8] INFO  c.example.replay.actors.JobManager - Job r2 started — ReplayJobActor spawned
23:42:41.852 [JobManagerTest-pekko.actor.default-dispatcher-3] INFO  c.e.replay.actors.ReplayJobActor - ReplayJobActor planning job r2 [2024-01-01T00:00:00Z, 2024-01-02T00:00:00Z)
23:42:41.852 [JobManagerTest-pekko.actor.default-dispatcher-7] INFO  c.e.replay.actors.ReplayJobActor - Job s1 completed — 15 events emitted total
23:42:41.852 [JobManagerTest-pekko.actor.default-dispatcher-3] INFO  c.example.replay.actors.JobManager - Job s1 completed — 15 events published
23:42:41.852 [JobManagerTest-pekko.actor.default-dispatcher-9] INFO  c.e.replay.actors.ReplayJobActor - Job r2 plan ready: 1 work packets (numWorkers=1)
23:42:41.852 [JobManagerTest-pekko.actor.default-dispatcher-8] INFO  c.example.replay.actors.JobManager - Job r2 paused
23:42:41.853 [JobManagerTest-pekko.actor.default-dispatcher-3] INFO  c.example.replay.actors.JobManager - Job r2 resumed
23:42:41.853 [JobManagerTest-pekko.actor.default-dispatcher-9] INFO  c.e.replay.actors.ReplayJobActor - Job r2 pausing
23:42:41.853 [JobManagerTest-pekko.actor.default-dispatcher-8] INFO  c.e.replay.actors.WorkerPoolActor - WorkerPool starting: 1 packets across 1 workers
23:42:41.853 [JobManagerTest-pekko.actor.default-dispatcher-9] INFO  c.e.replay.actors.ReplayJobActor - Job r2 resuming
]]></system-out>
  </testcase>
  <testcase name="start_unknownJob_returnsJobNotFound" classname="com.example.replay.actors.JobManagerTest" time="0.001">
    <system-out><![CDATA[23:42:41.853 [JobManagerTest-pekko.actor.default-dispatcher-9] INFO  c.e.replay.actors.WorkerPoolActor - WorkerPool finished — 15 total events from 1 packets
23:42:41.853 [JobManagerTest-pekko.actor.default-dispatcher-8] INFO  c.e.replay.actors.ReplayJobActor - Job r2 completed — 15 events emitted total
23:42:41.853 [JobManagerTest-pekko.actor.default-dispatcher-9] INFO  c.example.replay.actors.JobManager - Job r2 completed — 15 events published
]]></system-out>
  </testcase>
  <testcase name="getJob_unknownId_returnsJobNotFound" classname="com.example.replay.actors.JobManagerTest" time="0.0"/>
  <testcase name="pause_alreadyPausedJob_returnsRejected" classname="com.example.replay.actors.JobManagerTest" time="0.001">
    <system-out><![CDATA[23:42:41.855 [JobManagerTest-pekko.actor.default-dispatcher-8] INFO  c.example.replay.actors.JobManager - Job p3 created (PENDING)
23:42:41.855 [JobManagerTest-pekko.actor.default-dispatcher-9] INFO  c.example.replay.actors.JobManager - Job p3 started — ReplayJobActor spawned
23:42:41.855 [JobManagerTest-pekko.actor.default-dispatcher-8] INFO  c.e.replay.actors.ReplayJobActor - ReplayJobActor planning job p3 [2024-01-01T00:00:00Z, 2024-01-02T00:00:00Z)
23:42:41.855 [JobManagerTest-pekko.actor.default-dispatcher-3] INFO  c.example.replay.actors.JobManager - Job p3 paused
23:42:41.856 [JobManagerTest-pekko.actor.default-dispatcher-3] INFO  c.e.replay.actors.ReplayJobActor - Job p3 plan ready: 1 work packets (numWorkers=1)
23:42:41.856 [JobManagerTest-pekko.actor.default-dispatcher-9] INFO  c.e.replay.actors.WorkerPoolActor - WorkerPool starting: 1 packets across 1 workers
]]></system-out>
  </testcase>
  <testcase name="resume_pausedJob_returnsJobResumed" classname="com.example.replay.actors.JobManagerTest" time="0.001">
    <system-out><![CDATA[23:42:41.856 [JobManagerTest-pekko.actor.default-dispatcher-9] INFO  c.example.replay.actors.JobManager - Job r1 created (PENDING)
23:42:41.857 [JobManagerTest-pekko.actor.default-dispatcher-9] INFO  c.example.replay.actors.JobManager - Job r1 started — ReplayJobActor spawned
23:42:41.857 [JobManagerTest-pekko.actor.default-dispatcher-3] INFO  c.e.replay.actors.ReplayJobActor - ReplayJobActor planning job r1 [2024-01-01T00:00:00Z, 2024-01-02T00:00:00Z)
23:42:41.857 [JobManagerTest-pekko.actor.default-dispatcher-8] INFO  c.example.replay.actors.JobManager - Job r1 paused
23:42:41.857 [JobManagerTest-pekko.actor.default-dispatcher-9] INFO  c.e.replay.actors.ReplayJobActor - Job r1 plan ready: 1 work packets (numWorkers=1)
23:42:41.857 [JobManagerTest-pekko.actor.default-dispatcher-8] INFO  c.example.replay.actors.JobManager - Job r1 resumed
23:42:41.857 [JobManagerTest-pekko.actor.default-dispatcher-9] INFO  c.e.replay.actors.ReplayJobActor - Job r1 resuming
23:42:41.857 [JobManagerTest-pekko.actor.default-dispatcher-8] INFO  c.e.replay.actors.WorkerPoolActor - WorkerPool starting: 1 packets across 1 workers
]]></system-out>
  </testcase>
  <testcase name="start_alreadyRunningJob_returnsRejected" classname="com.example.replay.actors.JobManagerTest" time="0.001">
    <system-out><![CDATA[23:42:41.858 [JobManagerTest-pekko.actor.default-dispatcher-9] INFO  c.e.replay.actors.WorkerPoolActor - WorkerPool finished — 15 total events from 1 packets
23:42:41.858 [JobManagerTest-pekko.actor.default-dispatcher-7] INFO  c.example.replay.actors.JobManager - Job s3 created (PENDING)
23:42:41.858 [JobManagerTest-pekko.actor.default-dispatcher-8] INFO  c.e.replay.actors.ReplayJobActor - Job r1 completed — 15 events emitted total
23:42:41.858 [JobManagerTest-pekko.actor.default-dispatcher-7] INFO  c.example.replay.actors.JobManager - Job r1 completed — 15 events published
23:42:41.858 [JobManagerTest-pekko.actor.default-dispatcher-9] INFO  c.example.replay.actors.JobManager - Job s3 started — ReplayJobActor spawned
23:42:41.858 [JobManagerTest-pekko.actor.default-dispatcher-8] INFO  c.e.replay.actors.ReplayJobActor - ReplayJobActor planning job s3 [2024-01-01T00:00:00Z, 2024-01-02T00:00:00Z)
23:42:41.858 [JobManagerTest-pekko.actor.default-dispatcher-8] INFO  c.e.replay.actors.ReplayJobActor - Job s3 plan ready: 1 work packets (numWorkers=1)
]]></system-out>
  </testcase>
  <testcase name="submit_returnsJobAccepted_withPendingStatus" classname="com.example.replay.actors.JobManagerTest" time="0.001">
    <system-out><![CDATA[23:42:41.858 [JobManagerTest-pekko.actor.default-dispatcher-7] INFO  c.e.replay.actors.WorkerPoolActor - WorkerPool starting: 1 packets across 1 workers
23:42:41.859 [JobManagerTest-pekko.actor.default-dispatcher-8] INFO  c.e.replay.actors.WorkerPoolActor - WorkerPool finished — 15 total events from 1 packets
23:42:41.859 [JobManagerTest-pekko.actor.default-dispatcher-3] INFO  c.e.replay.actors.ReplayJobActor - Job s3 completed — 15 events emitted total
23:42:41.859 [JobManagerTest-pekko.actor.default-dispatcher-8] INFO  c.example.replay.actors.JobManager - Job s3 completed — 15 events published
23:42:41.859 [JobManagerTest-pekko.actor.default-dispatcher-9] INFO  c.example.replay.actors.JobManager - Job j1 created (PENDING)
]]></system-out>
  </testcase>
  <testcase name="start_updatesStatusInRepository" classname="com.example.replay.actors.JobManagerTest" time="0.001">
    <system-out><![CDATA[23:42:41.860 [JobManagerTest-pekko.actor.default-dispatcher-8] INFO  c.example.replay.actors.JobManager - Job s2 created (PENDING)
23:42:41.860 [JobManagerTest-pekko.actor.default-dispatcher-3] INFO  c.example.replay.actors.JobManager - Job s2 started — ReplayJobActor spawned
23:42:41.860 [JobManagerTest-pekko.actor.default-dispatcher-8] INFO  c.e.replay.actors.ReplayJobActor - ReplayJobActor planning job s2 [2024-01-01T00:00:00Z, 2024-01-02T00:00:00Z)
]]></system-out>
  </testcase>
  <testcase name="listJobs_returnsAllSubmitted" classname="com.example.replay.actors.JobManagerTest" time="0.001">
    <system-out><![CDATA[23:42:41.860 [JobManagerTest-pekko.actor.default-dispatcher-8] INFO  c.e.replay.actors.ReplayJobActor - Job s2 plan ready: 1 work packets (numWorkers=1)
23:42:41.860 [JobManagerTest-pekko.actor.default-dispatcher-8] INFO  c.e.replay.actors.WorkerPoolActor - WorkerPool starting: 1 packets across 1 workers
23:42:41.861 [JobManagerTest-pekko.actor.default-dispatcher-3] INFO  c.example.replay.actors.JobManager - Job la created (PENDING)
23:42:41.861 [JobManagerTest-pekko.actor.default-dispatcher-8] INFO  c.example.replay.actors.JobManager - Job lb created (PENDING)
23:42:41.861 [JobManagerTest-pekko.actor.default-dispatcher-9] INFO  c.e.replay.actors.WorkerPoolActor - WorkerPool finished — 15 total events from 1 packets
23:42:41.861 [JobManagerTest-pekko.actor.default-dispatcher-3] INFO  c.e.replay.actors.ReplayJobActor - Job s2 completed — 15 events emitted total
23:42:41.861 [JobManagerTest-pekko.actor.default-dispatcher-9] INFO  c.example.replay.actors.JobManager - Job s2 completed — 15 events published
]]></system-out>
  </testcase>
  <testcase name="pause_runningJob_returnsJobPaused" classname="com.example.replay.actors.JobManagerTest" time="0.001">
    <system-out><![CDATA[23:42:41.862 [JobManagerTest-pekko.actor.default-dispatcher-3] INFO  c.example.replay.actors.JobManager - Job p1 created (PENDING)
23:42:41.862 [JobManagerTest-pekko.actor.default-dispatcher-9] INFO  c.example.replay.actors.JobManager - Job p1 started — ReplayJobActor spawned
23:42:41.862 [JobManagerTest-pekko.actor.default-dispatcher-3] INFO  c.e.replay.actors.ReplayJobActor - ReplayJobActor planning job p1 [2024-01-01T00:00:00Z, 2024-01-02T00:00:00Z)
23:42:41.862 [JobManagerTest-pekko.actor.default-dispatcher-9] INFO  c.example.replay.actors.JobManager - Job p1 paused
23:42:41.862 [JobManagerTest-pekko.actor.default-dispatcher-3] INFO  c.e.replay.actors.ReplayJobActor - Job p1 plan ready: 1 work packets (numWorkers=1)
]]></system-out>
  </testcase>
  <testcase name="submit_persistsJobInRepository_asPending" classname="com.example.replay.actors.JobManagerTest" time="0.0">
    <system-out><![CDATA[23:42:41.863 [JobManagerTest-pekko.actor.default-dispatcher-8] INFO  c.e.replay.actors.WorkerPoolActor - WorkerPool starting: 1 packets across 1 workers
23:42:41.863 [JobManagerTest-pekko.actor.default-dispatcher-8] INFO  c.example.replay.actors.JobManager - Job j2 created (PENDING)
]]></system-out>
  </testcase>
  <testcase name="pause_unknownJob_returnsJobNotFound" classname="com.example.replay.actors.JobManagerTest" time="0.0"/>
  <testcase name="getJob_knownId_returnsSnapshot" classname="com.example.replay.actors.JobManagerTest" time="0.001">
    <system-out><![CDATA[23:42:41.865 [JobManagerTest-pekko.actor.default-dispatcher-8] INFO  c.example.replay.actors.JobManager - Job j3 created (PENDING)
]]></system-out>
  </testcase>
</testsuite>