<?xml version="1.0" encoding="UTF-8"?>
<testsuite xmlns:xsi="http://www.w3.org/2001/XMLSchema-instance" xsi:noNamespaceSchemaLocation="https://maven.apache.org/surefire/maven-failsafe-plugin/xsd/failsafe-test-report-3.0.xsd" version="3.0" name="com.example.replay.storage.PostgresReplayJobRepositoryIT" time="4.453" tests="9" errors="0" skipped="0" failures="0">
  <properties>
[...]
</properties>
  <testcase name="findAll_emptyTable_returnsEmptyList" classname="com.example.replay.storage.PostgresReplayJobRepositoryIT" time="0.032">
    <system-out><![CDATA[17:29:59,035 |-INFO in ch.qos.logback.classic.LoggerContext[default] - This is logback-classic version ?
17:29:59,036 |-INFO in ch.qos.logback.classic.util.ContextInitializer@5b6ec132 - No custom configurators were discovered as a service.
17:29:59,036 |-INFO in ch.qos.logback.classic.util.ContextInitializer@5b6ec132 - Trying to configure with ch.qos.logback.classic.joran.SerializedModelConfigurator
17:29:59,036 |-INFO in ch.qos.logback.classic.util.ContextInitializer@5b6ec132 - Constructed configurator of type class ch.qos.logback.classic.joran.SerializedModelConfigurator
17:29:59,038 |-INFO in ch.qos.logback.classic.LoggerContext[default] - Could NOT find resource [logback-test.scmo]
17:29:59,038 |-INFO in ch.qos.logback.classic.LoggerContext[default] - Could NOT find resource [logback.scmo]
17:29:59,042 |-INFO in ch.qos.logback.classic.util.ContextInitializer@5b6ec132 - ch.qos.logback.classic.joran.SerializedModelConfigurator.configure() call lasted 3 milliseconds. ExecutionStatus=INVOKE_NEXT_IF_ANY
17:29:59,042 |-INFO in ch.qos.logback.classic.util.ContextInitializer@5b6ec132 - Trying to configure with ch.qos.logback.classic.util.DefaultJoranConfigurator
17:29:59,042 |-INFO in ch.qos.logback.classic.util.ContextInitializer@5b6ec132 - Constructed configurator of type class ch.qos.logback.classic.util.DefaultJoranConfigurator
17:29:59,042 |-INFO in ch.qos.logback.classic.LoggerContext[default] - Could NOT find resource [logback-test.xml]
17:29:59,044 |-INFO in ch.qos.logback.classic.LoggerContext[default] - Found resource [logback.xml] at [jar:file:/Users/vaskoyordanov/replay-system/target/replay-system-1.0.0-SNAPSHOT.jar!/logback.xml]
17:29:59,045 |-INFO in ch.qos.logback.core.joran.spi.ConfigurationWatchList@5c44c582 - URL [jar:file:/Users/vaskoyordanov/replay-system/target/replay-system-1.0.0-SNAPSHOT.jar!/logback.xml] is not of type file
17:29:59,081 |-INFO in ch.qos.logback.core.model.processor.AppenderModelHandler - Processing appender named [STDOUT]
17:29:59,081 |-INFO in ch.qos.logback.core.model.processor.AppenderModelHandler - About to instantiate appender of type [ch.qos.logback.core.ConsoleAppender]
17:29:59,083 |-INFO in ch.qos.logback.core.model.processor.ImplicitModelHandler - Assuming default type [ch.qos.logback.classic.encoder.PatternLayoutEncoder] for [encoder] property
17:29:59,099 |-INFO in ch.qos.logback.core.model.processor.AppenderModelHandler - Processing appender named [FILE]
17:29:59,099 |-INFO in ch.qos.logback.core.model.processor.AppenderModelHandler - About to instantiate appender of type [ch.qos.logback.core.rolling.RollingFileAppender]
17:29:59,105 |-INFO in c.q.l.core.rolling.TimeBasedRollingPolicy@1741786839 - Will use gz compression
17:29:59,106 |-INFO in c.q.l.core.rolling.TimeBasedRollingPolicy@1741786839 - Will use the pattern logs/replay-system.%d{yyyy-MM-dd}.%i.log for the active file
17:29:59,119 |-INFO in ch.qos.logback.core.rolling.SizeAndTimeBasedFNATP@2c78d320 - The date pattern is 'yyyy-MM-dd' from file name pattern 'logs/replay-system.%d{yyyy-MM-dd}.%i.log.gz'.
17:29:59,119 |-INFO in ch.qos.logback.core.rolling.SizeAndTimeBasedFNATP@2c78d320 - Roll-over at midnight.
17:29:59,123 |-INFO in ch.qos.logback.core.rolling.SizeAndTimeBasedFNATP@2c78d320 - Setting initial period to 2026-03-10T21:29:51.062Z
17:29:59,123 |-WARN in ch.qos.logback.core.rolling.SizeAndTimeBasedFNATP@2c78d320 - SizeAndTimeBasedFNATP is deprecated. Use SizeAndTimeBasedRollingPolicy instead
17:29:59,123 |-WARN in ch.qos.logback.core.rolling.SizeAndTimeBasedFNATP@2c78d320 - For more information see http://logback.qos.ch/manual/appenders.html#SizeAndTimeBasedRollingPolicy
17:29:59,124 |-INFO in ch.qos.logback.core.model.processor.ImplicitModelHandler - Assuming default type [ch.qos.logback.classic.encoder.PatternLayoutEncoder] for [encoder] property
17:29:59,126 |-INFO in ch.qos.logback.core.rolling.RollingFileAppender[FILE] - Active log file name: logs/replay-system.log
17:29:59,126 |-INFO in ch.qos.logback.core.rolling.RollingFileAppender[FILE] - File property is set to [logs/replay-system.log]
17:29:59,126 |-INFO in ch.qos.logback.classic.model.processor.LoggerModelHandler - Setting level of logger [org.apache.hadoop] to WARN
17:29:59,126 |-INFO in ch.qos.logback.classic.model.processor.LoggerModelHandler - Setting level of logger [org.apache.iceberg] to INFO
17:29:59,126 |-INFO in ch.qos.logback.classic.model.processor.LoggerModelHandler - Setting level of logger [org.apache.kafka] to INFO
17:29:59,126 |-INFO in ch.qos.logback.classic.model.processor.LoggerModelHandler - Setting level of logger [org.apache.pekko] to INFO
17:29:59,127 |-INFO in ch.qos.logback.classic.model.processor.RootLoggerModelHandler - Setting level of ROOT logger to INFO
17:29:59,127 |-INFO in ch.qos.logback.core.model.processor.AppenderRefModelHandler - Attaching appender named [STDOUT] to Logger[ROOT]
17:29:59,127 |-INFO in ch.qos.logback.core.model.processor.AppenderRefModelHandler - Attaching appender named [FILE] to Logger[ROOT]
17:29:59,127 |-INFO in ch.qos.logback.core.model.processor.DefaultProcessor@132e0cc - End of configuration.
17:29:59,127 |-INFO in ch.qos.logback.classic.joran.JoranConfigurator@7b205dbd - Registering current configuration as safe fallback point
17:29:59,127 |-INFO in ch.qos.logback.classic.util.ContextInitializer@5b6ec132 - ch.qos.logback.classic.util.DefaultJoranConfigurator.configure() call lasted 85 milliseconds. ExecutionStatus=DO_NOT_INVOKE_NEXT_IF_ANY

17:29:59.139 [main] INFO  o.testcontainers.images.PullPolicy - Image pull policy will be performed by: DefaultPullPolicy()
17:29:59.141 [main] INFO  o.t.utility.ImageNameSubstitutor - Image name substitution will be performed by: DefaultImageNameSubstitutor (composite of 'ConfigurationFileImageNameSubstitutor' and 'PrefixingImageNameSubstitutor')
17:29:59.394 [main] INFO  o.t.d.DockerClientProviderStrategy - Found Docker environment with Environment variables, system properties and defaults. Resolved dockerHost=unix:///Users/vaskoyordanov/.colima/default/docker.sock
17:29:59.395 [main] INFO  o.testcontainers.DockerClientFactory - Docker host IP address is localhost
17:29:59.404 [main] INFO  o.testcontainers.DockerClientFactory - Connected to docker: 
  Server Version: 24.0.9
  API Version: 1.43
  Operating System: Ubuntu 23.10
  Total Memory: 1898 MB
17:29:59.405 [main] WARN  o.t.utility.ResourceReaper - 
********************************************************************************
Ryuk has been disabled. This can cause unexpected behavior in your environment.
********************************************************************************
17:29:59.407 [main] INFO  o.testcontainers.DockerClientFactory - Checking the system...
17:29:59.407 [main] INFO  o.testcontainers.DockerClientFactory - ✔︎ Docker server version should be at least 1.6.0
17:29:59.444 [main] INFO  tc.postgres:16-alpine - Creating container for image: postgres:16-alpine
17:29:59.510 [main] INFO  tc.postgres:16-alpine - Container postgres:16-alpine is starting: 4d120a73cbbd5544acd7c77da51f80c2448ff8bb2a3f400e8a741b9aa04a811d
17:30:00.693 [main] INFO  tc.postgres:16-alpine - Container postgres:16-alpine started in PT1.249197S
17:30:00.694 [main] INFO  tc.postgres:16-alpine - Container is started (JDBC URL: jdbc:postgresql://localhost:32776/test?loggerLevel=OFF)
17:30:00.695 [main] INFO  c.e.replay.storage.DataSourceFactory - Creating connection pool 'replay-jobs-pool' → jdbc:postgresql://localhost:32776/test?loggerLevel=OFF
17:30:00.700 [main] INFO  com.zaxxer.hikari.HikariDataSource - replay-jobs-pool - Starting...
17:30:02.872 [main] INFO  com.zaxxer.hikari.pool.HikariPool - replay-jobs-pool - Added connection org.postgresql.jdbc.PgConnection@1a28b346
17:30:02.873 [main] INFO  com.zaxxer.hikari.HikariDataSource - replay-jobs-pool - Start completed.
17:30:02.873 [main] INFO  c.e.replay.storage.DataSourceFactory - Running Flyway migrations on jdbc:postgresql://localhost:32776/test?loggerLevel=OFF
17:30:02.916 [main] INFO  o.f.c.i.license.VersionPrinter - Flyway Community Edition 9.22.3 by Redgate
17:30:02.916 [main] INFO  o.f.c.i.license.VersionPrinter - See release notes here: https://rd.gt/416ObMi
17:30:02.916 [main] INFO  o.f.c.i.license.VersionPrinter - 
17:30:02.941 [main] INFO  org.flywaydb.core.FlywayExecutor - Database: jdbc:postgresql://localhost:32776/test (PostgreSQL 16.13)
17:30:02.946 [main] WARN  o.f.c.i.database.base.Database - Flyway upgrade recommended: PostgreSQL 16.13 is newer than this version of Flyway and support has not been tested. The latest supported version of PostgreSQL is 15.
17:30:02.959 [main] INFO  o.f.c.i.s.JdbcTableSchemaHistory - Schema history table "public"."flyway_schema_history" does not exist yet
17:30:02.961 [main] INFO  o.f.core.internal.command.DbValidate - Successfully validated 1 migration (execution time 00:00.008s)
17:30:02.971 [main] INFO  o.f.c.i.s.JdbcTableSchemaHistory - Creating Schema History table "public"."flyway_schema_history" ...
17:30:03.007 [main] INFO  o.f.core.internal.command.DbMigrate - Current version of schema "public": << Empty Schema >>
17:30:03.013 [main] INFO  o.f.core.internal.command.DbMigrate - Migrating schema "public" to version "1 - create replay jobs"
17:30:03.031 [main] INFO  o.f.core.internal.command.DbMigrate - Successfully applied 1 migration to schema "public", now at version v1 (execution time 00:00.008s)
17:30:03.034 [main] INFO  c.e.replay.storage.DataSourceFactory - Flyway applied 1 migration(s), schema now at version 1
]]></system-out>
  </testcase>
  <testcase name="schema_hasExpectedIndexes" classname="com.example.replay.storage.PostgresReplayJobRepositoryIT" time="0.04"/>
  <testcase name="update_failed_storesErrorMessage" classname="com.example.replay.storage.PostgresReplayJobRepositoryIT" time="0.028"/>
  <testcase name="findByStatus_filtersCorrectly" classname="com.example.replay.storage.PostgresReplayJobRepositoryIT" time="0.02"/>
  <testcase name="findByStatus_noMatches_returnsEmptyList" classname="com.example.replay.storage.PostgresReplayJobRepositoryIT" time="0.016"/>
  <testcase name="findById_unknownId_returnsEmpty" classname="com.example.replay.storage.PostgresReplayJobRepositoryIT" time="0.018"/>
  <testcase name="update_changesStatusAndProgress" classname="com.example.replay.storage.PostgresReplayJobRepositoryIT" time="0.016"/>
  <testcase name="save_andFindById_roundTripsAllFields" classname="com.example.replay.storage.PostgresReplayJobRepositoryIT" time="0.015"/>
  <testcase name="findAll_returnsJobsNewestFirst" classname="com.example.replay.storage.PostgresReplayJobRepositoryIT" time="0.028"/>
</testsuite>